0 info it worked if it ends with ok
1 verbose cli [ '/Users/ingus/.nvm/versions/node/v6.11.0/bin/node',
1 verbose cli   '/Users/ingus/.nvm/versions/node/v6.11.0/bin/npm',
1 verbose cli   'run',
1 verbose cli   'build' ]
2 info using npm@3.10.10
3 info using node@v6.11.0
4 verbose run-script [ 'prebuild', 'build', 'postbuild' ]
5 info lifecycle react-playlist@1.0.0~prebuild: react-playlist@1.0.0
6 silly lifecycle react-playlist@1.0.0~prebuild: no script for prebuild, continuing
7 info lifecycle react-playlist@1.0.0~build: react-playlist@1.0.0
8 verbose lifecycle react-playlist@1.0.0~build: unsafe-perm in lifecycle true
9 verbose lifecycle react-playlist@1.0.0~build: PATH: /Users/ingus/.nvm/versions/node/v6.11.0/lib/node_modules/npm/bin/node-gyp-bin:/Users/ingus/Documents/webpack-setup/node_modules/.bin:/Users/ingus/Documents/webpack-setup/node_modules/.bin:/Users/ingus/.config/yarn/link/node_modules/.bin:/Users/ingus/Documents/webpack-setup/node_modules/.bin:/Users/ingus/.config/yarn/link/node_modules/.bin:/Users/ingus/.nvm/versions/node/v6.11.0/bin:/Users/ingus/.nvm/versions/node/v6.11.0/lib/node_modules/npm/bin/node-gyp-bin:/Users/ingus/.nvm/versions/node/v6.11.0/bin/node_modules/npm/bin/node-gyp-bin:/Users/ingus/.nvm/versions/node/v6.11.0/bin:/Users/ingus/.rvm/gems/ruby-2.2.0/bin:/Users/ingus/.rvm/gems/ruby-2.2.0@global/bin:/Users/ingus/.rvm/rubies/ruby-2.2.0/bin:/Users/ingus/.avn/bin:/usr/local/bin:/usr/bin:/bin:/usr/sbin:/sbin:/Users/ingus/.rvm/bin
10 verbose lifecycle react-playlist@1.0.0~build: CWD: /Users/ingus/Documents/webpack-setup
11 silly lifecycle react-playlist@1.0.0~build: Args: [ '-c',
11 silly lifecycle   'webpack -d && webpack-dev-server --content-base src/ --port 1234' ]
12 silly lifecycle react-playlist@1.0.0~build: Returned: code: 2  signal: null
13 info lifecycle react-playlist@1.0.0~build: Failed to exec build script
14 verbose stack Error: react-playlist@1.0.0 build: `webpack -d && webpack-dev-server --content-base src/ --port 1234`
14 verbose stack Exit status 2
14 verbose stack     at EventEmitter.<anonymous> (/Users/ingus/.nvm/versions/node/v6.11.0/lib/node_modules/npm/lib/utils/lifecycle.js:255:16)
14 verbose stack     at emitTwo (events.js:106:13)
14 verbose stack     at EventEmitter.emit (events.js:191:7)
14 verbose stack     at ChildProcess.<anonymous> (/Users/ingus/.nvm/versions/node/v6.11.0/lib/node_modules/npm/lib/utils/spawn.js:40:14)
14 verbose stack     at emitTwo (events.js:106:13)
14 verbose stack     at ChildProcess.emit (events.js:191:7)
14 verbose stack     at maybeClose (internal/child_process.js:891:16)
14 verbose stack     at Process.ChildProcess._handle.onexit (internal/child_process.js:226:5)
15 verbose pkgid react-playlist@1.0.0
16 verbose cwd /Users/ingus/Documents/webpack-setup
17 error Darwin 16.6.0
18 error argv "/Users/ingus/.nvm/versions/node/v6.11.0/bin/node" "/Users/ingus/.nvm/versions/node/v6.11.0/bin/npm" "run" "build"
19 error node v6.11.0
20 error npm  v3.10.10
21 error code ELIFECYCLE
22 error react-playlist@1.0.0 build: `webpack -d && webpack-dev-server --content-base src/ --port 1234`
22 error Exit status 2
23 error Failed at the react-playlist@1.0.0 build script 'webpack -d && webpack-dev-server --content-base src/ --port 1234'.
23 error Make sure you have the latest version of node.js and npm installed.
23 error If you do, this is most likely a problem with the react-playlist package,
23 error not with npm itself.
23 error Tell the author that this fails on your system:
23 error     webpack -d && webpack-dev-server --content-base src/ --port 1234
23 error You can get information on how to open an issue for this project with:
23 error     npm bugs react-playlist
23 error Or if that isn't available, you can get their info via:
23 error     npm owner ls react-playlist
23 error There is likely additional logging output above.
24 verbose exit [ 1, true ]
